{"@timestamp":"2022-07-22T17:46:13.135+05:30","@version":"1","message":"Starting FitnessAppApplication using Java 17.0.3 on nineleaps-ThinkPad-E490 with PID 116349 (/home/nineleaps/NineLeaps/Fitness_App_BE/target/classes started by nineleaps in /home/nineleaps/NineLeaps/Fitness_App_BE)","logger_name":"com.fitness.app.FitnessAppApplication","thread_name":"restartedMain","level":"INFO","level_value":20000}
{"@timestamp":"2022-07-22T17:46:13.144+05:30","@version":"1","message":"Running with Spring Boot v2.6.3, Spring v5.3.15","logger_name":"com.fitness.app.FitnessAppApplication","thread_name":"restartedMain","level":"DEBUG","level_value":10000}
{"@timestamp":"2022-07-22T17:46:13.144+05:30","@version":"1","message":"The following profiles are active: dev","logger_name":"com.fitness.app.FitnessAppApplication","thread_name":"restartedMain","level":"INFO","level_value":20000}
{"@timestamp":"2022-07-22T17:46:15.212+05:30","@version":"1","message":"Filter 'jwtAuthenticationFilter' configured for use","logger_name":"com.fitness.app.config.JwtAuthenticationFilter","thread_name":"restartedMain","level":"DEBUG","level_value":10000}
{"@timestamp":"2022-07-22T17:46:15.489+05:30","@version":"1","message":"There is error in Algorithm to generate random set of integers.","logger_name":"com.fitness.app.utils.MessageComponents","thread_name":"restartedMain","level":"INFO","level_value":20000}
{"@timestamp":"2022-07-22T17:46:16.971+05:30","@version":"1","message":"Started FitnessAppApplication in 4.202 seconds (JVM running for 5.01)","logger_name":"com.fitness.app.FitnessAppApplication","thread_name":"restartedMain","level":"INFO","level_value":20000}
{"@timestamp":"2022-07-22T17:46:47.088+05:30","@version":"1","message":"Starting FitnessAppApplication using Java 17.0.3 on nineleaps-ThinkPad-E490 with PID 116509 (/home/nineleaps/NineLeaps/Fitness_App_BE/target/classes started by nineleaps in /home/nineleaps/NineLeaps/Fitness_App_BE)","logger_name":"com.fitness.app.FitnessAppApplication","thread_name":"restartedMain","level":"INFO","level_value":20000}
{"@timestamp":"2022-07-22T17:46:47.094+05:30","@version":"1","message":"Running with Spring Boot v2.6.3, Spring v5.3.15","logger_name":"com.fitness.app.FitnessAppApplication","thread_name":"restartedMain","level":"DEBUG","level_value":10000}
{"@timestamp":"2022-07-22T17:46:47.095+05:30","@version":"1","message":"The following profiles are active: dev","logger_name":"com.fitness.app.FitnessAppApplication","thread_name":"restartedMain","level":"INFO","level_value":20000}
{"@timestamp":"2022-07-22T17:46:48.962+05:30","@version":"1","message":"Filter 'jwtAuthenticationFilter' configured for use","logger_name":"com.fitness.app.config.JwtAuthenticationFilter","thread_name":"restartedMain","level":"DEBUG","level_value":10000}
{"@timestamp":"2022-07-22T17:46:49.229+05:30","@version":"1","message":"There is error in Algorithm to generate random set of integers.","logger_name":"com.fitness.app.utils.MessageComponents","thread_name":"restartedMain","level":"INFO","level_value":20000}
{"@timestamp":"2022-07-22T17:46:50.599+05:30","@version":"1","message":"Started FitnessAppApplication in 3.893 seconds (JVM running for 4.598)","logger_name":"com.fitness.app.FitnessAppApplication","thread_name":"restartedMain","level":"INFO","level_value":20000}
{"@timestamp":"2022-07-22T17:47:40.097+05:30","@version":"1","message":"Starting FitnessAppApplication using Java 17.0.3 on nineleaps-ThinkPad-E490 with PID 116737 (/home/nineleaps/NineLeaps/Fitness_App_BE/target/classes started by nineleaps in /home/nineleaps/NineLeaps/Fitness_App_BE)","logger_name":"com.fitness.app.FitnessAppApplication","thread_name":"restartedMain","level":"INFO","level_value":20000}
{"@timestamp":"2022-07-22T17:47:40.104+05:30","@version":"1","message":"Running with Spring Boot v2.6.3, Spring v5.3.15","logger_name":"com.fitness.app.FitnessAppApplication","thread_name":"restartedMain","level":"DEBUG","level_value":10000}
{"@timestamp":"2022-07-22T17:47:40.104+05:30","@version":"1","message":"The following profiles are active: dev","logger_name":"com.fitness.app.FitnessAppApplication","thread_name":"restartedMain","level":"INFO","level_value":20000}
{"@timestamp":"2022-07-22T17:47:41.894+05:30","@version":"1","message":"Filter 'jwtAuthenticationFilter' configured for use","logger_name":"com.fitness.app.config.JwtAuthenticationFilter","thread_name":"restartedMain","level":"DEBUG","level_value":10000}
{"@timestamp":"2022-07-22T17:47:42.109+05:30","@version":"1","message":"There is error in Algorithm to generate random set of integers.","logger_name":"com.fitness.app.utils.MessageComponents","thread_name":"restartedMain","level":"INFO","level_value":20000}
{"@timestamp":"2022-07-22T17:47:43.315+05:30","@version":"1","message":"Started FitnessAppApplication in 3.561 seconds (JVM running for 4.383)","logger_name":"com.fitness.app.FitnessAppApplication","thread_name":"restartedMain","level":"INFO","level_value":20000}
{"@timestamp":"2022-07-22T18:02:20.19+05:30","@version":"1","message":"Starting FitnessAppApplication using Java 17.0.3 on nineleaps-ThinkPad-E490 with PID 118937 (/home/nineleaps/NineLeaps/Fitness_App_BE/target/classes started by nineleaps in /home/nineleaps/NineLeaps/Fitness_App_BE)","logger_name":"com.fitness.app.FitnessAppApplication","thread_name":"restartedMain","level":"INFO","level_value":20000}
{"@timestamp":"2022-07-22T18:02:20.199+05:30","@version":"1","message":"Running with Spring Boot v2.6.3, Spring v5.3.15","logger_name":"com.fitness.app.FitnessAppApplication","thread_name":"restartedMain","level":"DEBUG","level_value":10000}
{"@timestamp":"2022-07-22T18:02:20.199+05:30","@version":"1","message":"The following profiles are active: dev","logger_name":"com.fitness.app.FitnessAppApplication","thread_name":"restartedMain","level":"INFO","level_value":20000}
{"@timestamp":"2022-07-22T18:02:21.969+05:30","@version":"1","message":"Filter 'jwtAuthenticationFilter' configured for use","logger_name":"com.fitness.app.config.JwtAuthenticationFilter","thread_name":"restartedMain","level":"DEBUG","level_value":10000}
{"@timestamp":"2022-07-22T18:03:10.015+05:30","@version":"1","message":"Starting FitnessAppApplication using Java 17.0.3 on nineleaps-ThinkPad-E490 with PID 119140 (/home/nineleaps/NineLeaps/Fitness_App_BE/target/classes started by nineleaps in /home/nineleaps/NineLeaps/Fitness_App_BE)","logger_name":"com.fitness.app.FitnessAppApplication","thread_name":"restartedMain","level":"INFO","level_value":20000}
{"@timestamp":"2022-07-22T18:03:10.021+05:30","@version":"1","message":"Running with Spring Boot v2.6.3, Spring v5.3.15","logger_name":"com.fitness.app.FitnessAppApplication","thread_name":"restartedMain","level":"DEBUG","level_value":10000}
{"@timestamp":"2022-07-22T18:03:10.022+05:30","@version":"1","message":"The following profiles are active: dev","logger_name":"com.fitness.app.FitnessAppApplication","thread_name":"restartedMain","level":"INFO","level_value":20000}
{"@timestamp":"2022-07-22T18:03:11.926+05:30","@version":"1","message":"Filter 'jwtAuthenticationFilter' configured for use","logger_name":"com.fitness.app.config.JwtAuthenticationFilter","thread_name":"restartedMain","level":"DEBUG","level_value":10000}
{"@timestamp":"2022-07-22T18:04:13.971+05:30","@version":"1","message":"Starting FitnessAppApplication using Java 17.0.3 on nineleaps-ThinkPad-E490 with PID 119385 (/home/nineleaps/NineLeaps/Fitness_App_BE/target/classes started by nineleaps in /home/nineleaps/NineLeaps/Fitness_App_BE)","logger_name":"com.fitness.app.FitnessAppApplication","thread_name":"restartedMain","level":"INFO","level_value":20000}
{"@timestamp":"2022-07-22T18:04:13.98+05:30","@version":"1","message":"Running with Spring Boot v2.6.3, Spring v5.3.15","logger_name":"com.fitness.app.FitnessAppApplication","thread_name":"restartedMain","level":"DEBUG","level_value":10000}
{"@timestamp":"2022-07-22T18:04:13.98+05:30","@version":"1","message":"The following profiles are active: dev","logger_name":"com.fitness.app.FitnessAppApplication","thread_name":"restartedMain","level":"INFO","level_value":20000}
{"@timestamp":"2022-07-22T18:04:15.776+05:30","@version":"1","message":"Filter 'jwtAuthenticationFilter' configured for use","logger_name":"com.fitness.app.config.JwtAuthenticationFilter","thread_name":"restartedMain","level":"DEBUG","level_value":10000}
{"@timestamp":"2022-07-22T18:05:50.272+05:30","@version":"1","message":"Starting FitnessAppApplication using Java 17.0.3 on nineleaps-ThinkPad-E490 with PID 119777 (/home/nineleaps/NineLeaps/Fitness_App_BE/target/classes started by nineleaps in /home/nineleaps/NineLeaps/Fitness_App_BE)","logger_name":"com.fitness.app.FitnessAppApplication","thread_name":"restartedMain","level":"INFO","level_value":20000}
{"@timestamp":"2022-07-22T18:05:50.279+05:30","@version":"1","message":"Running with Spring Boot v2.6.3, Spring v5.3.15","logger_name":"com.fitness.app.FitnessAppApplication","thread_name":"restartedMain","level":"DEBUG","level_value":10000}
{"@timestamp":"2022-07-22T18:05:50.279+05:30","@version":"1","message":"The following profiles are active: dev","logger_name":"com.fitness.app.FitnessAppApplication","thread_name":"restartedMain","level":"INFO","level_value":20000}
{"@timestamp":"2022-07-22T18:05:52.102+05:30","@version":"1","message":"Filter 'jwtAuthenticationFilter' configured for use","logger_name":"com.fitness.app.config.JwtAuthenticationFilter","thread_name":"restartedMain","level":"DEBUG","level_value":10000}
{"@timestamp":"2022-07-22T18:07:12.827+05:30","@version":"1","message":"Starting FitnessAppApplication using Java 17.0.3 on nineleaps-ThinkPad-E490 with PID 120065 (/home/nineleaps/NineLeaps/Fitness_App_BE/target/classes started by nineleaps in /home/nineleaps/NineLeaps/Fitness_App_BE)","logger_name":"com.fitness.app.FitnessAppApplication","thread_name":"restartedMain","level":"INFO","level_value":20000}
{"@timestamp":"2022-07-22T18:07:12.835+05:30","@version":"1","message":"Running with Spring Boot v2.6.3, Spring v5.3.15","logger_name":"com.fitness.app.FitnessAppApplication","thread_name":"restartedMain","level":"DEBUG","level_value":10000}
{"@timestamp":"2022-07-22T18:07:12.835+05:30","@version":"1","message":"The following profiles are active: dev","logger_name":"com.fitness.app.FitnessAppApplication","thread_name":"restartedMain","level":"INFO","level_value":20000}
{"@timestamp":"2022-07-22T18:07:14.766+05:30","@version":"1","message":"Filter 'jwtAuthenticationFilter' configured for use","logger_name":"com.fitness.app.config.JwtAuthenticationFilter","thread_name":"restartedMain","level":"DEBUG","level_value":10000}
{"@timestamp":"2022-07-22T18:08:01.082+05:30","@version":"1","message":"Starting FitnessAppApplication using Java 17.0.3 on nineleaps-ThinkPad-E490 with PID 120263 (/home/nineleaps/NineLeaps/Fitness_App_BE/target/classes started by nineleaps in /home/nineleaps/NineLeaps/Fitness_App_BE)","logger_name":"com.fitness.app.FitnessAppApplication","thread_name":"restartedMain","level":"INFO","level_value":20000}
{"@timestamp":"2022-07-22T18:08:01.089+05:30","@version":"1","message":"Running with Spring Boot v2.6.3, Spring v5.3.15","logger_name":"com.fitness.app.FitnessAppApplication","thread_name":"restartedMain","level":"DEBUG","level_value":10000}
{"@timestamp":"2022-07-22T18:08:01.089+05:30","@version":"1","message":"The following profiles are active: dev","logger_name":"com.fitness.app.FitnessAppApplication","thread_name":"restartedMain","level":"INFO","level_value":20000}
{"@timestamp":"2022-07-22T18:08:02.924+05:30","@version":"1","message":"Filter 'jwtAuthenticationFilter' configured for use","logger_name":"com.fitness.app.config.JwtAuthenticationFilter","thread_name":"restartedMain","level":"DEBUG","level_value":10000}
{"@timestamp":"2022-07-22T18:09:51.444+05:30","@version":"1","message":"Starting FitnessAppApplication using Java 17.0.3 on nineleaps-ThinkPad-E490 with PID 120627 (/home/nineleaps/NineLeaps/Fitness_App_BE/target/classes started by nineleaps in /home/nineleaps/NineLeaps/Fitness_App_BE)","logger_name":"com.fitness.app.FitnessAppApplication","thread_name":"restartedMain","level":"INFO","level_value":20000}
{"@timestamp":"2022-07-22T18:09:51.45+05:30","@version":"1","message":"The following profiles are active: prod","logger_name":"com.fitness.app.FitnessAppApplication","thread_name":"restartedMain","level":"INFO","level_value":20000}
{"@timestamp":"2022-07-22T18:10:28.275+05:30","@version":"1","message":"Starting FitnessAppApplication using Java 17.0.3 on nineleaps-ThinkPad-E490 with PID 120903 (/home/nineleaps/NineLeaps/Fitness_App_BE/target/classes started by nineleaps in /home/nineleaps/NineLeaps/Fitness_App_BE)","logger_name":"com.fitness.app.FitnessAppApplication","thread_name":"restartedMain","level":"INFO","level_value":20000}
{"@timestamp":"2022-07-22T18:10:28.283+05:30","@version":"1","message":"Running with Spring Boot v2.6.3, Spring v5.3.15","logger_name":"com.fitness.app.FitnessAppApplication","thread_name":"restartedMain","level":"DEBUG","level_value":10000}
{"@timestamp":"2022-07-22T18:10:28.284+05:30","@version":"1","message":"The following profiles are active: dev","logger_name":"com.fitness.app.FitnessAppApplication","thread_name":"restartedMain","level":"INFO","level_value":20000}
{"@timestamp":"2022-07-22T18:10:30.228+05:30","@version":"1","message":"Filter 'jwtAuthenticationFilter' configured for use","logger_name":"com.fitness.app.config.JwtAuthenticationFilter","thread_name":"restartedMain","level":"DEBUG","level_value":10000}
{"@timestamp":"2022-07-22T18:11:39.137+05:30","@version":"1","message":"Starting FitnessAppApplication using Java 17.0.3 on nineleaps-ThinkPad-E490 with PID 121153 (/home/nineleaps/NineLeaps/Fitness_App_BE/target/classes started by nineleaps in /home/nineleaps/NineLeaps/Fitness_App_BE)","logger_name":"com.fitness.app.FitnessAppApplication","thread_name":"restartedMain","level":"INFO","level_value":20000}
{"@timestamp":"2022-07-22T18:11:39.145+05:30","@version":"1","message":"The following profiles are active: dev","logger_name":"com.fitness.app.FitnessAppApplication","thread_name":"restartedMain","level":"INFO","level_value":20000}
{"@timestamp":"2022-07-22T18:19:09.648+05:30","@version":"1","message":"Starting FitnessAppApplication using Java 17.0.3 on nineleaps-ThinkPad-E490 with PID 122405 (/home/nineleaps/NineLeaps/Fitness_App_BE/target/classes started by nineleaps in /home/nineleaps/NineLeaps/Fitness_App_BE)","logger_name":"com.fitness.app.FitnessAppApplication","thread_name":"restartedMain","level":"INFO","level_value":20000}
{"@timestamp":"2022-07-22T18:19:09.654+05:30","@version":"1","message":"The following profiles are active: dev","logger_name":"com.fitness.app.FitnessAppApplication","thread_name":"restartedMain","level":"INFO","level_value":20000}
{"@timestamp":"2022-07-22T18:20:20.265+05:30","@version":"1","message":"Starting FitnessAppApplication using Java 17.0.3 on nineleaps-ThinkPad-E490 with PID 122649 (/home/nineleaps/NineLeaps/Fitness_App_BE/target/classes started by nineleaps in /home/nineleaps/NineLeaps/Fitness_App_BE)","logger_name":"com.fitness.app.FitnessAppApplication","thread_name":"restartedMain","level":"INFO","level_value":20000}
{"@timestamp":"2022-07-22T18:20:20.272+05:30","@version":"1","message":"The following profiles are active: dev","logger_name":"com.fitness.app.FitnessAppApplication","thread_name":"restartedMain","level":"INFO","level_value":20000}
{"@timestamp":"2022-07-22T18:32:52.931+05:30","@version":"1","message":"Starting FitnessAppApplication using Java 17.0.3 on nineleaps-ThinkPad-E490 with PID 6254 (/home/nineleaps/NineLeaps/Fitness_App_BE/target/classes started by nineleaps in /home/nineleaps/NineLeaps/Fitness_App_BE)","logger_name":"com.fitness.app.FitnessAppApplication","thread_name":"restartedMain","level":"INFO","level_value":20000}
{"@timestamp":"2022-07-22T18:32:52.942+05:30","@version":"1","message":"Running with Spring Boot v2.6.3, Spring v5.3.15","logger_name":"com.fitness.app.FitnessAppApplication","thread_name":"restartedMain","level":"DEBUG","level_value":10000}
{"@timestamp":"2022-07-22T18:32:52.942+05:30","@version":"1","message":"The following profiles are active: dev","logger_name":"com.fitness.app.FitnessAppApplication","thread_name":"restartedMain","level":"INFO","level_value":20000}
{"@timestamp":"2022-07-22T18:32:55.012+05:30","@version":"1","message":"Filter 'jwtAuthenticationFilter' configured for use","logger_name":"com.fitness.app.config.JwtAuthenticationFilter","thread_name":"restartedMain","level":"DEBUG","level_value":10000}
{"@timestamp":"2022-07-22T18:32:55.28+05:30","@version":"1","message":"There is error in Algorithm to generate random set of integers.","logger_name":"com.fitness.app.utils.MessageComponents","thread_name":"restartedMain","level":"INFO","level_value":20000}
{"@timestamp":"2022-07-22T18:32:56.687+05:30","@version":"1","message":"Started FitnessAppApplication in 4.091 seconds (JVM running for 4.854)","logger_name":"com.fitness.app.FitnessAppApplication","thread_name":"restartedMain","level":"INFO","level_value":20000}
{"@timestamp":"2022-07-22T18:36:52.161+05:30","@version":"1","message":"Starting FitnessAppApplication using Java 17.0.3 on nineleaps-ThinkPad-E490 with PID 7336 (/home/nineleaps/NineLeaps/Fitness_App_BE/target/classes started by nineleaps in /home/nineleaps/NineLeaps/Fitness_App_BE)","logger_name":"com.fitness.app.FitnessAppApplication","thread_name":"restartedMain","level":"INFO","level_value":20000}
{"@timestamp":"2022-07-22T18:36:52.169+05:30","@version":"1","message":"Running with Spring Boot v2.6.3, Spring v5.3.15","logger_name":"com.fitness.app.FitnessAppApplication","thread_name":"restartedMain","level":"DEBUG","level_value":10000}
{"@timestamp":"2022-07-22T18:36:52.169+05:30","@version":"1","message":"The following profiles are active: dev","logger_name":"com.fitness.app.FitnessAppApplication","thread_name":"restartedMain","level":"INFO","level_value":20000}
{"@timestamp":"2022-07-22T18:36:54.189+05:30","@version":"1","message":"Filter 'jwtAuthenticationFilter' configured for use","logger_name":"com.fitness.app.config.JwtAuthenticationFilter","thread_name":"restartedMain","level":"DEBUG","level_value":10000}
{"@timestamp":"2022-07-22T18:36:54.433+05:30","@version":"1","message":"There is error in Algorithm to generate random set of integers.","logger_name":"com.fitness.app.utils.MessageComponents","thread_name":"restartedMain","level":"INFO","level_value":20000}
{"@timestamp":"2022-07-22T18:36:55.796+05:30","@version":"1","message":"Started FitnessAppApplication in 4.038 seconds (JVM running for 4.785)","logger_name":"com.fitness.app.FitnessAppApplication","thread_name":"restartedMain","level":"INFO","level_value":20000}
